<?xml version="1.0" encoding="UTF-8"?>
<testng-results ignored="0" total="26" passed="26" failed="0" skipped="0">
  <reporter-output>
  </reporter-output>
  <suite started-at="2025-09-08T00:07:40 IST" name="Suite" finished-at="2025-09-08T00:10:53 IST" duration-ms="193109">
    <groups>
      <group name="cucumber">
        <method signature="AbstractTestNGCucumberTests.runScenario(io.cucumber.testng.PickleWrapper,io.cucumber.testng.FeatureWrapper)[pri:0, instance:com.TestRunner.RegistrationRunner@63070bab]" name="runScenario" class="io.cucumber.testng.AbstractTestNGCucumberTests"/>
        <method signature="AbstractTestNGCucumberTests.runScenario(io.cucumber.testng.PickleWrapper,io.cucumber.testng.FeatureWrapper)[pri:0, instance:com.TestRunner.LoginRunner@3943a2be]" name="runScenario" class="io.cucumber.testng.AbstractTestNGCucumberTests"/>
        <method signature="AbstractTestNGCucumberTests.runScenario(io.cucumber.testng.PickleWrapper,io.cucumber.testng.FeatureWrapper)[pri:0, instance:com.TestRunner.LogoutRunner@71c3b41]" name="runScenario" class="io.cucumber.testng.AbstractTestNGCucumberTests"/>
      </group> <!-- cucumber -->
    </groups>
    <test started-at="2025-09-08T00:07:40 IST" name="Registration Test" finished-at="2025-09-08T00:08:00 IST" duration-ms="20115">
      <class name="com.TestRunner.RegistrationRunner">
        <test-method is-config="true" signature="setUpClass(org.testng.ITestContext)[pri:0, instance:com.TestRunner.RegistrationRunner@63070bab]" started-at="2025-09-08T00:07:40 IST" name="setUpClass" finished-at="2025-09-08T00:07:40 IST" duration-ms="466" status="PASS">
          <params>
            <param index="0">
              <value>
                <![CDATA[org.testng.TestRunner@58486deb]]>
              </value>
            </param>
          </params>
          <reporter-output>
          </reporter-output>
        </test-method> <!-- setUpClass -->
        <test-method is-config="true" signature="setUpClass(java.lang.String,java.lang.String)[pri:0, instance:com.TestRunner.RegistrationRunner@63070bab]" started-at="2025-09-08T00:07:40 IST" name="setUpClass" finished-at="2025-09-08T00:07:46 IST" duration-ms="5761" status="PASS">
          <params>
            <param index="0">
              <value>
                <![CDATA[chrome]]>
              </value>
            </param>
            <param index="1">
              <value>
                <![CDATA[https://automationexercise.com/]]>
              </value>
            </param>
          </params>
          <reporter-output>
          </reporter-output>
        </test-method> <!-- setUpClass -->
        <test-method signature="runScenario(io.cucumber.testng.PickleWrapper,io.cucumber.testng.FeatureWrapper)[pri:0, instance:com.TestRunner.RegistrationRunner@63070bab]" started-at="2025-09-08T00:07:46 IST" name="runScenario" description="Runs Cucumber Scenarios" data-provider="scenarios" finished-at="2025-09-08T00:07:59 IST" duration-ms="12839" status="PASS">
          <params>
            <param index="0">
              <value>
                <![CDATA["User Registration to Sign-Up Page"]]>
              </value>
            </param>
            <param index="1">
              <value>
                <![CDATA["Registration"]]>
              </value>
            </param>
          </params>
          <reporter-output>
          </reporter-output>
        </test-method> <!-- runScenario -->
        <test-method is-config="true" signature="tearDownClass()[pri:0, instance:com.TestRunner.RegistrationRunner@63070bab]" started-at="2025-09-08T00:08:00 IST" name="tearDownClass" finished-at="2025-09-08T00:08:00 IST" duration-ms="259" status="PASS">
          <reporter-output>
          </reporter-output>
        </test-method> <!-- tearDownClass -->
      </class> <!-- com.TestRunner.RegistrationRunner -->
    </test> <!-- Registration Test -->
    <test started-at="2025-09-08T00:08:00 IST" name="Login Test" finished-at="2025-09-08T00:08:11 IST" duration-ms="11554">
      <class name="com.TestRunner.LoginRunner">
        <test-method is-config="true" signature="setUpClass(org.testng.ITestContext)[pri:0, instance:com.TestRunner.LoginRunner@3943a2be]" started-at="2025-09-08T00:08:00 IST" name="setUpClass" finished-at="2025-09-08T00:08:00 IST" duration-ms="31" status="PASS">
          <params>
            <param index="0">
              <value>
                <![CDATA[org.testng.TestRunner@4e933cf1]]>
              </value>
            </param>
          </params>
          <reporter-output>
          </reporter-output>
        </test-method> <!-- setUpClass -->
        <test-method is-config="true" signature="setUpClass(java.lang.String,java.lang.String)[pri:0, instance:com.TestRunner.LoginRunner@3943a2be]" started-at="2025-09-08T00:08:00 IST" name="setUpClass" finished-at="2025-09-08T00:08:03 IST" duration-ms="3463" status="PASS">
          <params>
            <param index="0">
              <value>
                <![CDATA[chrome]]>
              </value>
            </param>
            <param index="1">
              <value>
                <![CDATA[https://automationexercise.com/]]>
              </value>
            </param>
          </params>
          <reporter-output>
          </reporter-output>
        </test-method> <!-- setUpClass -->
        <test-method signature="runScenario(io.cucumber.testng.PickleWrapper,io.cucumber.testng.FeatureWrapper)[pri:0, instance:com.TestRunner.LoginRunner@3943a2be]" started-at="2025-09-08T00:08:03 IST" name="runScenario" description="Runs Cucumber Scenarios" data-provider="scenarios" finished-at="2025-09-08T00:08:09 IST" duration-ms="5451" status="PASS">
          <params>
            <param index="0">
              <value>
                <![CDATA["Login with valid credentials"]]>
              </value>
            </param>
            <param index="1">
              <value>
                <![CDATA["Login Page with credentials"]]>
              </value>
            </param>
          </params>
          <reporter-output>
          </reporter-output>
        </test-method> <!-- runScenario -->
        <test-method signature="runScenario(io.cucumber.testng.PickleWrapper,io.cucumber.testng.FeatureWrapper)[pri:0, instance:com.TestRunner.LoginRunner@3943a2be]" started-at="2025-09-08T00:08:09 IST" name="runScenario" description="Runs Cucumber Scenarios" data-provider="scenarios" finished-at="2025-09-08T00:08:11 IST" duration-ms="2194" status="PASS">
          <params>
            <param index="0">
              <value>
                <![CDATA["Login with invalid credentials"]]>
              </value>
            </param>
            <param index="1">
              <value>
                <![CDATA["Login Page with credentials"]]>
              </value>
            </param>
          </params>
          <reporter-output>
          </reporter-output>
        </test-method> <!-- runScenario -->
        <test-method is-config="true" signature="tearDownClass()[pri:0, instance:com.TestRunner.LoginRunner@3943a2be]" started-at="2025-09-08T00:08:11 IST" name="tearDownClass" finished-at="2025-09-08T00:08:11 IST" duration-ms="158" status="PASS">
          <reporter-output>
          </reporter-output>
        </test-method> <!-- tearDownClass -->
      </class> <!-- com.TestRunner.LoginRunner -->
    </test> <!-- Login Test -->
    <test started-at="2025-09-08T00:08:11 IST" name="Logout Test" finished-at="2025-09-08T00:08:21 IST" duration-ms="9412">
      <class name="com.TestRunner.LogoutRunner">
        <test-method is-config="true" signature="setUpClass(org.testng.ITestContext)[pri:0, instance:com.TestRunner.LogoutRunner@71c3b41]" started-at="2025-09-08T00:08:11 IST" name="setUpClass" finished-at="2025-09-08T00:08:12 IST" duration-ms="15" status="PASS">
          <params>
            <param index="0">
              <value>
                <![CDATA[org.testng.TestRunner@729a9c3d]]>
              </value>
            </param>
          </params>
          <reporter-output>
          </reporter-output>
        </test-method> <!-- setUpClass -->
        <test-method is-config="true" signature="setUpClass(java.lang.String,java.lang.String)[pri:0, instance:com.TestRunner.LogoutRunner@71c3b41]" started-at="2025-09-08T00:08:12 IST" name="setUpClass" finished-at="2025-09-08T00:08:15 IST" duration-ms="3320" status="PASS">
          <params>
            <param index="0">
              <value>
                <![CDATA[chrome]]>
              </value>
            </param>
            <param index="1">
              <value>
                <![CDATA[https://automationexercise.com/]]>
              </value>
            </param>
          </params>
          <reporter-output>
          </reporter-output>
        </test-method> <!-- setUpClass -->
        <test-method signature="runScenario(io.cucumber.testng.PickleWrapper,io.cucumber.testng.FeatureWrapper)[pri:0, instance:com.TestRunner.LogoutRunner@71c3b41]" started-at="2025-09-08T00:08:15 IST" name="runScenario" description="Runs Cucumber Scenarios" data-provider="scenarios" finished-at="2025-09-08T00:08:21 IST" duration-ms="5773" status="PASS">
          <params>
            <param index="0">
              <value>
                <![CDATA["Logout feature"]]>
              </value>
            </param>
            <param index="1">
              <value>
                <![CDATA["Logout"]]>
              </value>
            </param>
          </params>
          <reporter-output>
          </reporter-output>
        </test-method> <!-- runScenario -->
        <test-method is-config="true" signature="tearDownClass()[pri:0, instance:com.TestRunner.LogoutRunner@71c3b41]" started-at="2025-09-08T00:08:21 IST" name="tearDownClass" finished-at="2025-09-08T00:08:21 IST" duration-ms="159" status="PASS">
          <reporter-output>
          </reporter-output>
        </test-method> <!-- tearDownClass -->
      </class> <!-- com.TestRunner.LogoutRunner -->
    </test> <!-- Logout Test -->
    <test started-at="2025-09-08T00:08:21 IST" name="Existing Registration Test" finished-at="2025-09-08T00:08:27 IST" duration-ms="5731">
      <class name="com.tests.ExistingRegistrationTest">
        <test-method is-config="true" signature="setUp(java.lang.String,java.lang.String)[pri:0, instance:com.tests.ExistingRegistrationTest@6f27a732]" started-at="2025-09-08T00:08:21 IST" name="setUp" finished-at="2025-09-08T00:08:24 IST" duration-ms="2842" status="PASS">
          <params>
            <param index="0">
              <value>
                <![CDATA[chrome]]>
              </value>
            </param>
            <param index="1">
              <value>
                <![CDATA[https://automationexercise.com/]]>
              </value>
            </param>
          </params>
          <reporter-output>
          </reporter-output>
        </test-method> <!-- setUp -->
        <test-method is-config="true" signature="initPages()[pri:0, instance:com.tests.ExistingRegistrationTest@6f27a732]" started-at="2025-09-08T00:08:24 IST" name="initPages" finished-at="2025-09-08T00:08:24 IST" duration-ms="1" status="PASS">
          <reporter-output>
          </reporter-output>
        </test-method> <!-- initPages -->
        <test-method signature="verifyHomePageVisible()[pri:1, instance:com.tests.ExistingRegistrationTest@6f27a732]" started-at="2025-09-08T00:08:24 IST" name="verifyHomePageVisible" finished-at="2025-09-08T00:08:24 IST" duration-ms="10" status="PASS">
          <reporter-output>
          </reporter-output>
        </test-method> <!-- verifyHomePageVisible -->
        <test-method signature="clickSignupAndVerifyNewUserSignup()[pri:2, instance:com.tests.ExistingRegistrationTest@6f27a732]" started-at="2025-09-08T00:08:24 IST" name="clickSignupAndVerifyNewUserSignup" finished-at="2025-09-08T00:08:25 IST" duration-ms="1127" status="PASS">
          <reporter-output>
          </reporter-output>
        </test-method> <!-- clickSignupAndVerifyNewUserSignup -->
        <test-method signature="registerWithExistingEmailAndVerifyError()[pri:3, instance:com.tests.ExistingRegistrationTest@6f27a732]" started-at="2025-09-08T00:08:25 IST" name="registerWithExistingEmailAndVerifyError" finished-at="2025-09-08T00:08:26 IST" duration-ms="1105" status="PASS">
          <reporter-output>
          </reporter-output>
        </test-method> <!-- registerWithExistingEmailAndVerifyError -->
        <test-method is-config="true" signature="tearDown()[pri:0, instance:com.tests.ExistingRegistrationTest@6f27a732]" started-at="2025-09-08T00:08:27 IST" name="tearDown" finished-at="2025-09-08T00:08:27 IST" duration-ms="137" status="PASS">
          <reporter-output>
          </reporter-output>
        </test-method> <!-- tearDown -->
      </class> <!-- com.tests.ExistingRegistrationTest -->
    </test> <!-- Existing Registration Test -->
    <test started-at="2025-09-08T00:08:27 IST" name="Contact Us Form Tests" finished-at="2025-09-08T00:08:36 IST" duration-ms="9055">
      <class name="com.tests.ContactUsFormTest">
        <test-method is-config="true" signature="setUp(java.lang.String,java.lang.String)[pri:0, instance:com.tests.ContactUsFormTest@1bb266b3]" started-at="2025-09-08T00:08:27 IST" name="setUp" finished-at="2025-09-08T00:08:31 IST" duration-ms="4844" status="PASS">
          <params>
            <param index="0">
              <value>
                <![CDATA[chrome]]>
              </value>
            </param>
            <param index="1">
              <value>
                <![CDATA[http://automationexercise.com]]>
              </value>
            </param>
          </params>
          <reporter-output>
          </reporter-output>
        </test-method> <!-- setUp -->
        <test-method signature="verifyHomePageIsVisible()[pri:1, instance:com.tests.ContactUsFormTest@1bb266b3]" started-at="2025-09-08T00:08:31 IST" name="verifyHomePageIsVisible" finished-at="2025-09-08T00:08:31 IST" duration-ms="12" status="PASS">
          <reporter-output>
          </reporter-output>
        </test-method> <!-- verifyHomePageIsVisible -->
        <test-method is-config="true" signature="initPages()[pri:0, instance:com.tests.ContactUsFormTest@1bb266b3]" started-at="2025-09-08T00:08:31 IST" name="initPages" finished-at="2025-09-08T00:08:31 IST" duration-ms="0" status="PASS">
          <reporter-output>
          </reporter-output>
        </test-method> <!-- initPages -->
        <test-method signature="testContactUsFormSubmission()[pri:2, instance:com.tests.ContactUsFormTest@1bb266b3]" started-at="2025-09-08T00:08:32 IST" name="testContactUsFormSubmission" finished-at="2025-09-08T00:08:35 IST" duration-ms="3596" status="PASS">
          <reporter-output>
          </reporter-output>
        </test-method> <!-- testContactUsFormSubmission -->
        <test-method is-config="true" signature="tearDown()[pri:0, instance:com.tests.ContactUsFormTest@1bb266b3]" started-at="2025-09-08T00:08:35 IST" name="tearDown" finished-at="2025-09-08T00:08:36 IST" duration-ms="199" status="PASS">
          <reporter-output>
          </reporter-output>
        </test-method> <!-- tearDown -->
      </class> <!-- com.tests.ContactUsFormTest -->
    </test> <!-- Contact Us Form Tests -->
    <test started-at="2025-09-08T00:08:36 IST" name="Verify Test Case Tests" finished-at="2025-09-08T00:08:41 IST" duration-ms="5747">
      <class name="com.tests.VerifyTestCaseTest">
        <test-method is-config="true" signature="setUp(java.lang.String,java.lang.String)[pri:0, instance:com.tests.VerifyTestCaseTest@52102734]" started-at="2025-09-08T00:08:36 IST" name="setUp" finished-at="2025-09-08T00:08:40 IST" duration-ms="3819" status="PASS">
          <params>
            <param index="0">
              <value>
                <![CDATA[chrome]]>
              </value>
            </param>
            <param index="1">
              <value>
                <![CDATA[http://automationexercise.com]]>
              </value>
            </param>
          </params>
          <reporter-output>
          </reporter-output>
        </test-method> <!-- setUp -->
        <test-method signature="verifyHomePageIsVisible()[pri:1, instance:com.tests.VerifyTestCaseTest@52102734]" started-at="2025-09-08T00:08:40 IST" name="verifyHomePageIsVisible" finished-at="2025-09-08T00:08:40 IST" duration-ms="13" status="PASS">
          <reporter-output>
          </reporter-output>
        </test-method> <!-- verifyHomePageIsVisible -->
        <test-method is-config="true" signature="initPages()[pri:0, instance:com.tests.VerifyTestCaseTest@52102734]" started-at="2025-09-08T00:08:40 IST" name="initPages" finished-at="2025-09-08T00:08:40 IST" duration-ms="0" status="PASS">
          <reporter-output>
          </reporter-output>
        </test-method> <!-- initPages -->
        <test-method signature="verifyTestCasesNavigation()[pri:2, instance:com.tests.VerifyTestCaseTest@52102734]" started-at="2025-09-08T00:08:40 IST" name="verifyTestCasesNavigation" finished-at="2025-09-08T00:08:41 IST" duration-ms="1371" status="PASS">
          <reporter-output>
          </reporter-output>
        </test-method> <!-- verifyTestCasesNavigation -->
        <test-method is-config="true" signature="tearDown()[pri:0, instance:com.tests.VerifyTestCaseTest@52102734]" started-at="2025-09-08T00:08:41 IST" name="tearDown" finished-at="2025-09-08T00:08:41 IST" duration-ms="192" status="PASS">
          <reporter-output>
          </reporter-output>
        </test-method> <!-- tearDown -->
      </class> <!-- com.tests.VerifyTestCaseTest -->
    </test> <!-- Verify Test Case Tests -->
    <test started-at="2025-09-08T00:08:41 IST" name="Verify All Products Tests" finished-at="2025-09-08T00:09:11 IST" duration-ms="29139">
      <class name="com.tests.VerifyAllProductsTest">
        <test-method is-config="true" signature="setUp(java.lang.String,java.lang.String)[pri:0, instance:com.tests.VerifyAllProductsTest@29647f75]" started-at="2025-09-08T00:08:41 IST" name="setUp" finished-at="2025-09-08T00:08:45 IST" duration-ms="3346" status="PASS">
          <params>
            <param index="0">
              <value>
                <![CDATA[chrome]]>
              </value>
            </param>
            <param index="1">
              <value>
                <![CDATA[http://automationexercise.com]]>
              </value>
            </param>
          </params>
          <reporter-output>
          </reporter-output>
        </test-method> <!-- setUp -->
        <test-method is-config="true" signature="initPages()[pri:0, instance:com.tests.VerifyAllProductsTest@29647f75]" started-at="2025-09-08T00:08:45 IST" name="initPages" finished-at="2025-09-08T00:08:45 IST" duration-ms="0" status="PASS">
          <reporter-output>
          </reporter-output>
        </test-method> <!-- initPages -->
        <test-method signature="verifyHomePageIsVisible()[pri:1, instance:com.tests.VerifyAllProductsTest@29647f75]" started-at="2025-09-08T00:08:45 IST" name="verifyHomePageIsVisible" finished-at="2025-09-08T00:08:45 IST" duration-ms="7" status="PASS">
          <reporter-output>
          </reporter-output>
        </test-method> <!-- verifyHomePageIsVisible -->
        <test-method signature="verifyAllProductsPageIsVisible()[pri:2, instance:com.tests.VerifyAllProductsTest@29647f75]" started-at="2025-09-08T00:08:45 IST" name="verifyAllProductsPageIsVisible" finished-at="2025-09-08T00:09:09 IST" duration-ms="23504" status="PASS">
          <reporter-output>
          </reporter-output>
        </test-method> <!-- verifyAllProductsPageIsVisible -->
        <test-method signature="verifyViewProductsFunctionality()[pri:3, instance:com.tests.VerifyAllProductsTest@29647f75]" started-at="2025-09-08T00:09:09 IST" name="verifyViewProductsFunctionality" finished-at="2025-09-08T00:09:10 IST" duration-ms="1519" status="PASS">
          <reporter-output>
          </reporter-output>
        </test-method> <!-- verifyViewProductsFunctionality -->
        <test-method is-config="true" signature="tearDown()[pri:0, instance:com.tests.VerifyAllProductsTest@29647f75]" started-at="2025-09-08T00:09:10 IST" name="tearDown" finished-at="2025-09-08T00:09:11 IST" duration-ms="163" status="PASS">
          <reporter-output>
          </reporter-output>
        </test-method> <!-- tearDown -->
      </class> <!-- com.tests.VerifyAllProductsTest -->
    </test> <!-- Verify All Products Tests -->
    <test started-at="2025-09-08T00:09:11 IST" name="Search Products Tests" finished-at="2025-09-08T00:09:18 IST" duration-ms="7177">
      <class name="com.tests.SearchProductsTest">
        <test-method is-config="true" signature="setUp(java.lang.String,java.lang.String)[pri:0, instance:com.tests.SearchProductsTest@366647c2]" started-at="2025-09-08T00:09:11 IST" name="setUp" finished-at="2025-09-08T00:09:14 IST" duration-ms="3637" status="PASS">
          <params>
            <param index="0">
              <value>
                <![CDATA[chrome]]>
              </value>
            </param>
            <param index="1">
              <value>
                <![CDATA[http://automationexercise.com]]>
              </value>
            </param>
          </params>
          <reporter-output>
          </reporter-output>
        </test-method> <!-- setUp -->
        <test-method signature="verifyHomePageIsVisible()[pri:1, instance:com.tests.SearchProductsTest@366647c2]" started-at="2025-09-08T00:09:14 IST" name="verifyHomePageIsVisible" finished-at="2025-09-08T00:09:14 IST" duration-ms="17" status="PASS">
          <reporter-output>
          </reporter-output>
        </test-method> <!-- verifyHomePageIsVisible -->
        <test-method is-config="true" signature="initPages()[pri:0, instance:com.tests.SearchProductsTest@366647c2]" started-at="2025-09-08T00:09:14 IST" name="initPages" finished-at="2025-09-08T00:09:14 IST" duration-ms="0" status="PASS">
          <reporter-output>
          </reporter-output>
        </test-method> <!-- initPages -->
        <test-method signature="verifyAllProductsPageIsVisible()[pri:2, instance:com.tests.SearchProductsTest@366647c2]" started-at="2025-09-08T00:09:14 IST" name="verifyAllProductsPageIsVisible" finished-at="2025-09-08T00:09:16 IST" duration-ms="1606" status="PASS">
          <reporter-output>
          </reporter-output>
        </test-method> <!-- verifyAllProductsPageIsVisible -->
        <test-method signature="verifySearchFunctionality()[pri:3, instance:com.tests.SearchProductsTest@366647c2]" started-at="2025-09-08T00:09:16 IST" name="verifySearchFunctionality" finished-at="2025-09-08T00:09:17 IST" duration-ms="1241" status="PASS">
          <reporter-output>
          </reporter-output>
        </test-method> <!-- verifySearchFunctionality -->
        <test-method is-config="true" signature="tearDown()[pri:0, instance:com.tests.SearchProductsTest@366647c2]" started-at="2025-09-08T00:09:18 IST" name="tearDown" finished-at="2025-09-08T00:09:18 IST" duration-ms="161" status="PASS">
          <reporter-output>
          </reporter-output>
        </test-method> <!-- tearDown -->
      </class> <!-- com.tests.SearchProductsTest -->
    </test> <!-- Search Products Tests -->
    <test started-at="2025-09-08T00:09:18 IST" name="Subscription Tests" finished-at="2025-09-08T00:09:26 IST" duration-ms="8161">
      <class name="com.tests.SubscriptionTest">
        <test-method is-config="true" signature="setUp(java.lang.String,java.lang.String)[pri:0, instance:com.tests.SubscriptionTest@62e7f11d]" started-at="2025-09-08T00:09:18 IST" name="setUp" finished-at="2025-09-08T00:09:21 IST" duration-ms="3404" status="PASS">
          <params>
            <param index="0">
              <value>
                <![CDATA[chrome]]>
              </value>
            </param>
            <param index="1">
              <value>
                <![CDATA[http://automationexercise.com]]>
              </value>
            </param>
          </params>
          <reporter-output>
          </reporter-output>
        </test-method> <!-- setUp -->
        <test-method is-config="true" signature="initPages()[pri:0, instance:com.tests.SubscriptionTest@62e7f11d]" started-at="2025-09-08T00:09:21 IST" name="initPages" finished-at="2025-09-08T00:09:21 IST" duration-ms="3" status="PASS">
          <reporter-output>
          </reporter-output>
        </test-method> <!-- initPages -->
        <test-method signature="verifyHomePageIsVisible()[pri:1, instance:com.tests.SubscriptionTest@62e7f11d]" started-at="2025-09-08T00:09:21 IST" name="verifyHomePageIsVisible" finished-at="2025-09-08T00:09:21 IST" duration-ms="13" status="PASS">
          <reporter-output>
          </reporter-output>
        </test-method> <!-- verifyHomePageIsVisible -->
        <test-method signature="verifySubscriptionFunctionality()[pri:2, instance:com.tests.SubscriptionTest@62e7f11d]" started-at="2025-09-08T00:09:21 IST" name="verifySubscriptionFunctionality" finished-at="2025-09-08T00:09:26 IST" duration-ms="4272" status="PASS">
          <reporter-output>
          </reporter-output>
        </test-method> <!-- verifySubscriptionFunctionality -->
        <test-method is-config="true" signature="tearDown()[pri:0, instance:com.tests.SubscriptionTest@62e7f11d]" started-at="2025-09-08T00:09:26 IST" name="tearDown" finished-at="2025-09-08T00:09:26 IST" duration-ms="141" status="PASS">
          <reporter-output>
          </reporter-output>
        </test-method> <!-- tearDown -->
      </class> <!-- com.tests.SubscriptionTest -->
    </test> <!-- Subscription Tests -->
    <test started-at="2025-09-08T00:09:26 IST" name="Subscription Cart Tests" finished-at="2025-09-08T00:09:35 IST" duration-ms="9236">
      <class name="com.tests.SubscriptionCartTest">
        <test-method is-config="true" signature="setUp(java.lang.String,java.lang.String)[pri:0, instance:com.tests.SubscriptionCartTest@19d481b]" started-at="2025-09-08T00:09:26 IST" name="setUp" finished-at="2025-09-08T00:09:29 IST" duration-ms="3035" status="PASS">
          <params>
            <param index="0">
              <value>
                <![CDATA[chrome]]>
              </value>
            </param>
            <param index="1">
              <value>
                <![CDATA[http://automationexercise.com]]>
              </value>
            </param>
          </params>
          <reporter-output>
          </reporter-output>
        </test-method> <!-- setUp -->
        <test-method is-config="true" signature="initPageObjects()[pri:0, instance:com.tests.SubscriptionCartTest@19d481b]" started-at="2025-09-08T00:09:29 IST" name="initPageObjects" finished-at="2025-09-08T00:09:29 IST" duration-ms="2" status="PASS">
          <reporter-output>
          </reporter-output>
        </test-method> <!-- initPageObjects -->
        <test-method signature="verifyHomePageIsVisible()[pri:1, instance:com.tests.SubscriptionCartTest@19d481b]" started-at="2025-09-08T00:09:29 IST" name="verifyHomePageIsVisible" finished-at="2025-09-08T00:09:29 IST" duration-ms="10" status="PASS">
          <reporter-output>
          </reporter-output>
        </test-method> <!-- verifyHomePageIsVisible -->
        <test-method signature="verifySubscriptionFlow()[pri:2, instance:com.tests.SubscriptionCartTest@19d481b]" started-at="2025-09-08T00:09:29 IST" name="verifySubscriptionFlow" finished-at="2025-09-08T00:09:35 IST" duration-ms="5692" status="PASS">
          <reporter-output>
          </reporter-output>
        </test-method> <!-- verifySubscriptionFlow -->
        <test-method is-config="true" signature="tearDown()[pri:0, instance:com.tests.SubscriptionCartTest@19d481b]" started-at="2025-09-08T00:09:35 IST" name="tearDown" finished-at="2025-09-08T00:09:35 IST" duration-ms="161" status="PASS">
          <reporter-output>
          </reporter-output>
        </test-method> <!-- tearDown -->
      </class> <!-- com.tests.SubscriptionCartTest -->
    </test> <!-- Subscription Cart Tests -->
    <test started-at="2025-09-08T00:09:35 IST" name="Add To Cart Tests" finished-at="2025-09-08T00:09:53 IST" duration-ms="17708">
      <class name="com.tests.AddToCartTest">
        <test-method is-config="true" signature="setUp(java.lang.String,java.lang.String)[pri:0, instance:com.tests.AddToCartTest@77eca502]" started-at="2025-09-08T00:09:35 IST" name="setUp" finished-at="2025-09-08T00:09:39 IST" duration-ms="3436" status="PASS">
          <params>
            <param index="0">
              <value>
                <![CDATA[chrome]]>
              </value>
            </param>
            <param index="1">
              <value>
                <![CDATA[http://automationexercise.com]]>
              </value>
            </param>
          </params>
          <reporter-output>
          </reporter-output>
        </test-method> <!-- setUp -->
        <test-method is-config="true" signature="initPageObjects()[pri:0, instance:com.tests.AddToCartTest@77eca502]" started-at="2025-09-08T00:09:39 IST" name="initPageObjects" finished-at="2025-09-08T00:09:39 IST" duration-ms="2" status="PASS">
          <reporter-output>
          </reporter-output>
        </test-method> <!-- initPageObjects -->
        <test-method signature="verifyHomePageIsVisible()[pri:1, instance:com.tests.AddToCartTest@77eca502]" started-at="2025-09-08T00:09:39 IST" name="verifyHomePageIsVisible" finished-at="2025-09-08T00:09:39 IST" duration-ms="10" status="PASS">
          <reporter-output>
          </reporter-output>
        </test-method> <!-- verifyHomePageIsVisible -->
        <test-method signature="verifyAddToCartFlow()[pri:2, instance:com.tests.AddToCartTest@77eca502]" started-at="2025-09-08T00:09:39 IST" name="verifyAddToCartFlow" finished-at="2025-09-08T00:09:53 IST" duration-ms="13827" status="PASS">
          <reporter-output>
          </reporter-output>
        </test-method> <!-- verifyAddToCartFlow -->
        <test-method is-config="true" signature="tearDown()[pri:0, instance:com.tests.AddToCartTest@77eca502]" started-at="2025-09-08T00:09:53 IST" name="tearDown" finished-at="2025-09-08T00:09:53 IST" duration-ms="140" status="PASS">
          <reporter-output>
          </reporter-output>
        </test-method> <!-- tearDown -->
      </class> <!-- com.tests.AddToCartTest -->
    </test> <!-- Add To Cart Tests -->
    <test started-at="2025-09-08T00:09:53 IST" name="Increase Quantity Tests" finished-at="2025-09-08T00:10:04 IST" duration-ms="11057">
      <class name="com.tests.IncreasedQuantityTest">
        <test-method is-config="true" signature="setUp(java.lang.String,java.lang.String)[pri:0, instance:com.tests.IncreasedQuantityTest@49dc7102]" started-at="2025-09-08T00:09:53 IST" name="setUp" finished-at="2025-09-08T00:09:56 IST" duration-ms="2682" status="PASS">
          <params>
            <param index="0">
              <value>
                <![CDATA[chrome]]>
              </value>
            </param>
            <param index="1">
              <value>
                <![CDATA[http://automationexercise.com]]>
              </value>
            </param>
          </params>
          <reporter-output>
          </reporter-output>
        </test-method> <!-- setUp -->
        <test-method is-config="true" signature="initPageObjects()[pri:0, instance:com.tests.IncreasedQuantityTest@49dc7102]" started-at="2025-09-08T00:09:56 IST" name="initPageObjects" finished-at="2025-09-08T00:09:56 IST" duration-ms="1" status="PASS">
          <reporter-output>
          </reporter-output>
        </test-method> <!-- initPageObjects -->
        <test-method signature="verifyIncreaseQuantityFlow()[pri:0, instance:com.tests.IncreasedQuantityTest@49dc7102]" started-at="2025-09-08T00:09:56 IST" name="verifyIncreaseQuantityFlow" finished-at="2025-09-08T00:10:04 IST" duration-ms="8084" status="PASS">
          <reporter-output>
          </reporter-output>
        </test-method> <!-- verifyIncreaseQuantityFlow -->
        <test-method is-config="true" signature="tearDown()[pri:0, instance:com.tests.IncreasedQuantityTest@49dc7102]" started-at="2025-09-08T00:10:04 IST" name="tearDown" finished-at="2025-09-08T00:10:04 IST" duration-ms="151" status="PASS">
          <reporter-output>
          </reporter-output>
        </test-method> <!-- tearDown -->
      </class> <!-- com.tests.IncreasedQuantityTest -->
    </test> <!-- Increase Quantity Tests -->
    <test started-at="2025-09-08T00:10:04 IST" name="Registration while checkout Tests" finished-at="2025-09-08T00:10:25 IST" duration-ms="21280">
      <class name="com.tests.RegistrationWhileCheckoutTest">
        <test-method is-config="true" signature="setUp(java.lang.String,java.lang.String)[pri:0, instance:com.tests.RegistrationWhileCheckoutTest@65f095f8]" started-at="2025-09-08T00:10:04 IST" name="setUp" finished-at="2025-09-08T00:10:07 IST" duration-ms="3530" status="PASS">
          <params>
            <param index="0">
              <value>
                <![CDATA[chrome]]>
              </value>
            </param>
            <param index="1">
              <value>
                <![CDATA[http://automationexercise.com]]>
              </value>
            </param>
          </params>
          <reporter-output>
          </reporter-output>
        </test-method> <!-- setUp -->
        <test-method is-config="true" signature="initPageObjects()[pri:0, instance:com.tests.RegistrationWhileCheckoutTest@65f095f8]" started-at="2025-09-08T00:10:07 IST" name="initPageObjects" finished-at="2025-09-08T00:10:07 IST" duration-ms="4" status="PASS">
          <reporter-output>
          </reporter-output>
        </test-method> <!-- initPageObjects -->
        <test-method signature="verifyCheckoutWithRegistrationFlow()[pri:0, instance:com.tests.RegistrationWhileCheckoutTest@65f095f8]" started-at="2025-09-08T00:10:07 IST" name="verifyCheckoutWithRegistrationFlow" finished-at="2025-09-08T00:10:25 IST" duration-ms="17335" status="PASS">
          <reporter-output>
          </reporter-output>
        </test-method> <!-- verifyCheckoutWithRegistrationFlow -->
        <test-method is-config="true" signature="tearDown()[pri:0, instance:com.tests.RegistrationWhileCheckoutTest@65f095f8]" started-at="2025-09-08T00:10:25 IST" name="tearDown" finished-at="2025-09-08T00:10:25 IST" duration-ms="182" status="PASS">
          <reporter-output>
          </reporter-output>
        </test-method> <!-- tearDown -->
      </class> <!-- com.tests.RegistrationWhileCheckoutTest -->
    </test> <!-- Registration while checkout Tests -->
    <test started-at="2025-09-08T00:10:25 IST" name="Registration Before checkout Tests" finished-at="2025-09-08T00:10:53 IST" duration-ms="27669">
      <class name="com.tests.RegistrationBeforeCheckoutTest">
        <test-method is-config="true" signature="setUp(java.lang.String,java.lang.String)[pri:0, instance:com.tests.RegistrationBeforeCheckoutTest@3d1cfad4]" started-at="2025-09-08T00:10:25 IST" name="setUp" finished-at="2025-09-08T00:10:28 IST" duration-ms="3257" status="PASS">
          <params>
            <param index="0">
              <value>
                <![CDATA[chrome]]>
              </value>
            </param>
            <param index="1">
              <value>
                <![CDATA[http://automationexercise.com]]>
              </value>
            </param>
          </params>
          <reporter-output>
          </reporter-output>
        </test-method> <!-- setUp -->
        <test-method signature="verifyPlaceOrderAfterSignup()[pri:0, instance:com.tests.RegistrationBeforeCheckoutTest@3d1cfad4]" started-at="2025-09-08T00:10:28 IST" name="verifyPlaceOrderAfterSignup" finished-at="2025-09-08T00:10:52 IST" duration-ms="23999" status="PASS">
          <reporter-output>
          </reporter-output>
        </test-method> <!-- verifyPlaceOrderAfterSignup -->
        <test-method is-config="true" signature="initPageObjects()[pri:0, instance:com.tests.RegistrationBeforeCheckoutTest@3d1cfad4]" started-at="2025-09-08T00:10:28 IST" name="initPageObjects" finished-at="2025-09-08T00:10:28 IST" duration-ms="0" status="PASS">
          <reporter-output>
          </reporter-output>
        </test-method> <!-- initPageObjects -->
        <test-method is-config="true" signature="tearDown()[pri:0, instance:com.tests.RegistrationBeforeCheckoutTest@3d1cfad4]" started-at="2025-09-08T00:10:53 IST" name="tearDown" finished-at="2025-09-08T00:10:53 IST" duration-ms="173" status="PASS">
          <reporter-output>
          </reporter-output>
        </test-method> <!-- tearDown -->
      </class> <!-- com.tests.RegistrationBeforeCheckoutTest -->
    </test> <!-- Registration Before checkout Tests -->
  </suite> <!-- Suite -->
</testng-results>
